[0.000][INFO]:      ChromeDriver 23.0.1240.0 /usr/bin/chromedriver
[0.991][FINE]:      Initializing session with capabilities {
   "browserName": "chrome",
   "chromeOptions": {
      "args": [  ],
      "extensions": [  ]
   },
   "javascriptEnabled": true,
   "platform": "ANY",
   "version": ""
}

[0.991][INFO]:      Launching chrome: /usr/bin/google-chrome --enable-logging --log-level=1 --disable-hang-monitor --disable-prompt-on-repost --dom-automation --full-memory-crash-report --no-default-browser-check --no-first-run --disable-background-networking --disable-sync --disable-translate --disable-web-resources --safebrowsing-disable-auto-update --safebrowsing-disable-download-protection --disable-client-side-phishing-detection --disable-component-update --disable-default-apps --password-store=basic --ignore-certificate-errors about:blank
[3.980][INFO]:      Connected to Chrome successfully. Version: 29.0.1530.2
[4.005][FINE]:      Command received (/session/a21751fbbe637ff87aa178836e0f5f0d)
[4.005][FINE]:      Command finished (/session/a21751fbbe637ff87aa178836e0f5f0d) with response {
   "sessionId": "a21751fbbe637ff87aa178836e0f5f0d",
   "status": 0,
   "value": {
      "acceptSslCerts": false,
      "applicationCacheEnabled": false,
      "browserConnectionEnabled": false,
      "browserName": "chrome",
      "chrome.chromedriverVersion": "23.0.1240.0",
      "chrome.nativeEvents": false,
      "cssSelectorsEnabled": true,
      "databaseEnabled": false,
      "handlesAlerts": true,
      "javascriptEnabled": true,
      "locationContextEnabled": false,
      "nativeEvents": true,
      "platform": "linux",
      "rotatable": false,
      "takesScreenshot": true,
      "version": "29.0.1530.2",
      "webStorageEnabled": true
   }
}

[11.454][FINE]:     Command received (/session/a21751fbbe637ff87aa178836e0f5f0d/url) with params {
   "sessionId": "a21751fbbe637ff87aa178836e0f5f0d",
   "url": "http://cache.baiducontent.com/c?m=9f65cb4a8c8507ed4fece7631016d5660e54f76037d2c71508d7934a84642c4..."
}

[11.454][FINER]:    Waiting for all views to stop loading...
[11.455][FINER]:    Done waiting for all views to stop loading
[27.783][FINE]:     Command received (/session/a21751fbbe637ff87aa178836e0f5f0d/url) with params {
   "sessionId": "a21751fbbe637ff87aa178836e0f5f0d",
   "url": "http://www.baidu.com"
}

[27.783][FINER]:    Waiting for all views to stop loading...
[27.784][FINER]:    Done waiting for all views to stop loading
